<?xml version="1.0" encoding="UTF-8"?>
<testsuite xmlns:xsi="http://www.w3.org/2001/XMLSchema-instance" xsi:noNamespaceSchemaLocation="https://maven.apache.org/surefire/maven-surefire-plugin/xsd/surefire-test-report-3.0.xsd" version="3.0" name="in.petsfort.crm.HttpCompatibilityTest" time="1.157" tests="6" errors="0" skipped="0" failures="0">
  <properties>
[...]
</properties>
  <testcase name="schemaAndDatabaseEditorKeepPythonResponseContracts" classname="in.petsfort.crm.HttpCompatibilityTest" time="0.68">
    <system-out><![CDATA[14:18:23.447 [main] DEBUG org.jboss.logging -- Logging Provider: org.jboss.logging.Slf4jLoggerProvider
14:18:23.482 [main] INFO io.undertow -- starting server: Undertow - 2.3.18.Final
14:18:23.489 [main] INFO org.xnio -- XNIO version 3.8.16.Final
14:18:23.500 [main] INFO org.xnio.nio -- XNIO NIO Implementation Version 3.8.16.Final
14:18:23.593 [main] DEBUG org.xnio -- Creating worker:null, pool size:64, max pool size:64, keep alive:60000, io threads:8, stack size:0
14:18:23.603 [main] INFO org.jboss.threads -- JBoss Threads version 3.5.0.Final
14:18:23.611 [XNIO-1 I/O-1] DEBUG org.xnio.nio -- Started channel thread 'XNIO-1 I/O-1', selector sun.nio.ch.EPollSelectorImpl@2f6bdefe
14:18:23.611 [XNIO-1 I/O-2] DEBUG org.xnio.nio -- Started channel thread 'XNIO-1 I/O-2', selector sun.nio.ch.EPollSelectorImpl@6eec0702
14:18:23.612 [XNIO-1 I/O-5] DEBUG org.xnio.nio -- Started channel thread 'XNIO-1 I/O-5', selector sun.nio.ch.EPollSelectorImpl@2de5bf55
14:18:23.611 [XNIO-1 I/O-3] DEBUG org.xnio.nio -- Started channel thread 'XNIO-1 I/O-3', selector sun.nio.ch.EPollSelectorImpl@2bc309d3
14:18:23.612 [XNIO-1 I/O-4] DEBUG org.xnio.nio -- Started channel thread 'XNIO-1 I/O-4', selector sun.nio.ch.EPollSelectorImpl@5eec0ea7
14:18:23.612 [XNIO-1 I/O-6] DEBUG org.xnio.nio -- Started channel thread 'XNIO-1 I/O-6', selector sun.nio.ch.EPollSelectorImpl@b87327f
14:18:23.612 [XNIO-1 I/O-7] DEBUG org.xnio.nio -- Started channel thread 'XNIO-1 I/O-7', selector sun.nio.ch.EPollSelectorImpl@25ded58
14:18:23.612 [XNIO-1 I/O-8] DEBUG org.xnio.nio -- Started channel thread 'XNIO-1 I/O-8', selector sun.nio.ch.EPollSelectorImpl@10d5cd30
14:18:23.612 [XNIO-1 Accept] DEBUG org.xnio.nio -- Started channel thread 'XNIO-1 Accept', selector sun.nio.ch.EPollSelectorImpl@4273221a
14:18:23.614 [main] DEBUG io.undertow -- Configuring listener with protocol HTTP for interface 0.0.0.0 and port 46503
Petsfort HTTP compatibility server listening on 0.0.0.0:46503
14:18:23.873 [main] INFO io.undertow -- stopping server: Undertow - 2.3.18.Final
]]></system-out>
  </testcase>
  <testcase name="websocketTerminalAcceptsInput" classname="in.petsfort.crm.HttpCompatibilityTest" time="0.086">
    <system-out><![CDATA[14:18:23.923 [main] INFO io.undertow -- starting server: Undertow - 2.3.18.Final
14:18:23.924 [main] DEBUG org.xnio -- Creating worker:null, pool size:64, max pool size:64, keep alive:60000, io threads:8, stack size:0
14:18:23.925 [XNIO-2 I/O-2] DEBUG org.xnio.nio -- Started channel thread 'XNIO-2 I/O-2', selector sun.nio.ch.EPollSelectorImpl@3db0fe94
14:18:23.925 [XNIO-2 I/O-1] DEBUG org.xnio.nio -- Started channel thread 'XNIO-2 I/O-1', selector sun.nio.ch.EPollSelectorImpl@149000ff
14:18:23.925 [XNIO-2 I/O-5] DEBUG org.xnio.nio -- Started channel thread 'XNIO-2 I/O-5', selector sun.nio.ch.EPollSelectorImpl@68c512cb
14:18:23.925 [XNIO-2 I/O-3] DEBUG org.xnio.nio -- Started channel thread 'XNIO-2 I/O-3', selector sun.nio.ch.EPollSelectorImpl@3732cdb2
14:18:23.925 [XNIO-2 I/O-4] DEBUG org.xnio.nio -- Started channel thread 'XNIO-2 I/O-4', selector sun.nio.ch.EPollSelectorImpl@13a92ead
14:18:23.925 [XNIO-2 I/O-6] DEBUG org.xnio.nio -- Started channel thread 'XNIO-2 I/O-6', selector sun.nio.ch.EPollSelectorImpl@1711bd17
14:18:23.925 [XNIO-2 I/O-7] DEBUG org.xnio.nio -- Started channel thread 'XNIO-2 I/O-7', selector sun.nio.ch.EPollSelectorImpl@43ae4d9e
14:18:23.926 [main] DEBUG io.undertow -- Configuring listener with protocol HTTP for interface 0.0.0.0 and port 37449
14:18:23.926 [XNIO-2 Accept] DEBUG org.xnio.nio -- Started channel thread 'XNIO-2 Accept', selector sun.nio.ch.EPollSelectorImpl@48769e64
Petsfort HTTP compatibility server listening on 0.0.0.0:37449
14:18:23.926 [XNIO-2 I/O-8] DEBUG org.xnio.nio -- Started channel thread 'XNIO-2 I/O-8', selector sun.nio.ch.EPollSelectorImpl@580435c3
14:18:23.934 [XNIO-2 task-2] DEBUG io.undertow.websockets.core.request -- Attempting websocket handshake with io.undertow.websockets.core.protocol.version13.Hybi13Handshake@5149f008 on HttpServerExchange{ GET /ws/terminal}
14:18:23.935 [XNIO-2 task-2] DEBUG io.undertow.request -- Upgrading request HttpServerExchange{ GET /ws/terminal}
14:18:23.957 [XNIO-2 I/O-4] DEBUG io.undertow.websockets.core.request -- UT025003: Decoding WebSocket Frame with opCode 1
14:18:23.965 [XNIO-2 I/O-4] DEBUG io.undertow.websockets.core.request -- UT025003: Decoding WebSocket Frame with opCode 8
14:18:23.966 [main] INFO io.undertow -- stopping server: Undertow - 2.3.18.Final
]]></system-out>
  </testcase>
  <testcase name="managedBackupHttpAuthorizationAndCallsMatchPython" classname="in.petsfort.crm.HttpCompatibilityTest" time="0.049">
    <system-out><![CDATA[14:18:23.996 [main] INFO io.undertow -- starting server: Undertow - 2.3.18.Final
14:18:23.997 [main] DEBUG org.xnio -- Creating worker:null, pool size:64, max pool size:64, keep alive:60000, io threads:8, stack size:0
14:18:23.998 [XNIO-3 I/O-1] DEBUG org.xnio.nio -- Started channel thread 'XNIO-3 I/O-1', selector sun.nio.ch.EPollSelectorImpl@8f30115
14:18:23.998 [XNIO-3 I/O-2] DEBUG org.xnio.nio -- Started channel thread 'XNIO-3 I/O-2', selector sun.nio.ch.EPollSelectorImpl@2f29e226
14:18:23.998 [XNIO-3 I/O-7] DEBUG org.xnio.nio -- Started channel thread 'XNIO-3 I/O-7', selector sun.nio.ch.EPollSelectorImpl@1a3c08fb
14:18:23.998 [XNIO-3 Accept] DEBUG org.xnio.nio -- Started channel thread 'XNIO-3 Accept', selector sun.nio.ch.EPollSelectorImpl@2ca0357
14:18:23.998 [XNIO-3 I/O-3] DEBUG org.xnio.nio -- Started channel thread 'XNIO-3 I/O-3', selector sun.nio.ch.EPollSelectorImpl@36dee4c3
14:18:23.998 [XNIO-3 I/O-4] DEBUG org.xnio.nio -- Started channel thread 'XNIO-3 I/O-4', selector sun.nio.ch.EPollSelectorImpl@259cf257
14:18:23.998 [XNIO-3 I/O-6] DEBUG org.xnio.nio -- Started channel thread 'XNIO-3 I/O-6', selector sun.nio.ch.EPollSelectorImpl@12a907de
14:18:23.998 [XNIO-3 I/O-5] DEBUG org.xnio.nio -- Started channel thread 'XNIO-3 I/O-5', selector sun.nio.ch.EPollSelectorImpl@d6ef967
14:18:23.998 [XNIO-3 I/O-8] DEBUG org.xnio.nio -- Started channel thread 'XNIO-3 I/O-8', selector sun.nio.ch.EPollSelectorImpl@75f9d4cc
14:18:23.998 [main] DEBUG io.undertow -- Configuring listener with protocol HTTP for interface 0.0.0.0 and port 44215
Petsfort HTTP compatibility server listening on 0.0.0.0:44215
14:18:24.017 [main] INFO io.undertow -- stopping server: Undertow - 2.3.18.Final
]]></system-out>
  </testcase>
  <testcase name="sseEmitsSystemSnapshot" classname="in.petsfort.crm.HttpCompatibilityTest" time="0.119">
    <system-out><![CDATA[14:18:24.036 [main] INFO io.undertow -- starting server: Undertow - 2.3.18.Final
14:18:24.037 [main] DEBUG org.xnio -- Creating worker:null, pool size:64, max pool size:64, keep alive:60000, io threads:8, stack size:0
14:18:24.038 [XNIO-4 I/O-1] DEBUG org.xnio.nio -- Started channel thread 'XNIO-4 I/O-1', selector sun.nio.ch.EPollSelectorImpl@5da3fd48
14:18:24.038 [XNIO-4 I/O-2] DEBUG org.xnio.nio -- Started channel thread 'XNIO-4 I/O-2', selector sun.nio.ch.EPollSelectorImpl@6913bf13
14:18:24.038 [XNIO-4 I/O-3] DEBUG org.xnio.nio -- Started channel thread 'XNIO-4 I/O-3', selector sun.nio.ch.EPollSelectorImpl@6e2f77b3
14:18:24.038 [XNIO-4 I/O-4] DEBUG org.xnio.nio -- Started channel thread 'XNIO-4 I/O-4', selector sun.nio.ch.EPollSelectorImpl@ef61b06
14:18:24.038 [XNIO-4 Accept] DEBUG org.xnio.nio -- Started channel thread 'XNIO-4 Accept', selector sun.nio.ch.EPollSelectorImpl@580b5ecf
14:18:24.038 [XNIO-4 I/O-5] DEBUG org.xnio.nio -- Started channel thread 'XNIO-4 I/O-5', selector sun.nio.ch.EPollSelectorImpl@540e2633
14:18:24.038 [XNIO-4 I/O-6] DEBUG org.xnio.nio -- Started channel thread 'XNIO-4 I/O-6', selector sun.nio.ch.EPollSelectorImpl@5ce09ede
14:18:24.038 [XNIO-4 I/O-7] DEBUG org.xnio.nio -- Started channel thread 'XNIO-4 I/O-7', selector sun.nio.ch.EPollSelectorImpl@713ce34f
14:18:24.038 [XNIO-4 I/O-8] DEBUG org.xnio.nio -- Started channel thread 'XNIO-4 I/O-8', selector sun.nio.ch.EPollSelectorImpl@1cab889
14:18:24.038 [main] DEBUG io.undertow -- Configuring listener with protocol HTTP for interface 0.0.0.0 and port 35971
Petsfort HTTP compatibility server listening on 0.0.0.0:35971
14:18:24.137 [main] INFO io.undertow -- stopping server: Undertow - 2.3.18.Final
]]></system-out>
  </testcase>
  <testcase name="originalPythonHttpCheckoutProducesBill" classname="in.petsfort.crm.HttpCompatibilityTest" time="0.063">
    <system-out><![CDATA[14:18:24.167 [main] INFO io.undertow -- starting server: Undertow - 2.3.18.Final
14:18:24.168 [main] DEBUG org.xnio -- Creating worker:null, pool size:64, max pool size:64, keep alive:60000, io threads:8, stack size:0
14:18:24.169 [XNIO-5 I/O-2] DEBUG org.xnio.nio -- Started channel thread 'XNIO-5 I/O-2', selector sun.nio.ch.EPollSelectorImpl@6bce79d2
14:18:24.169 [XNIO-5 I/O-4] DEBUG org.xnio.nio -- Started channel thread 'XNIO-5 I/O-4', selector sun.nio.ch.EPollSelectorImpl@278aac2e
14:18:24.169 [XNIO-5 I/O-1] DEBUG org.xnio.nio -- Started channel thread 'XNIO-5 I/O-1', selector sun.nio.ch.EPollSelectorImpl@e751d6d
14:18:24.169 [XNIO-5 I/O-6] DEBUG org.xnio.nio -- Started channel thread 'XNIO-5 I/O-6', selector sun.nio.ch.EPollSelectorImpl@64ed2496
14:18:24.169 [XNIO-5 I/O-3] DEBUG org.xnio.nio -- Started channel thread 'XNIO-5 I/O-3', selector sun.nio.ch.EPollSelectorImpl@1ca7a0ae
14:18:24.169 [XNIO-5 I/O-5] DEBUG org.xnio.nio -- Started channel thread 'XNIO-5 I/O-5', selector sun.nio.ch.EPollSelectorImpl@27748219
14:18:24.169 [main] DEBUG io.undertow -- Configuring listener with protocol HTTP for interface 0.0.0.0 and port 34687
14:18:24.169 [XNIO-5 I/O-7] DEBUG org.xnio.nio -- Started channel thread 'XNIO-5 I/O-7', selector sun.nio.ch.EPollSelectorImpl@70e3c85e
14:18:24.169 [XNIO-5 I/O-8] DEBUG org.xnio.nio -- Started channel thread 'XNIO-5 I/O-8', selector sun.nio.ch.EPollSelectorImpl@6f078b41
14:18:24.169 [XNIO-5 Accept] DEBUG org.xnio.nio -- Started channel thread 'XNIO-5 Accept', selector sun.nio.ch.EPollSelectorImpl@3858458c
Petsfort HTTP compatibility server listening on 0.0.0.0:34687
14:18:24.201 [main] INFO io.undertow -- stopping server: Undertow - 2.3.18.Final
]]></system-out>
  </testcase>
  <testcase name="htmlHealthCorsSitemapLogsAndSystemStatsAreServed" classname="in.petsfort.crm.HttpCompatibilityTest" time="0.138">
    <system-out><![CDATA[14:18:24.222 [main] INFO io.undertow -- starting server: Undertow - 2.3.18.Final
14:18:24.222 [main] DEBUG org.xnio -- Creating worker:null, pool size:64, max pool size:64, keep alive:60000, io threads:8, stack size:0
14:18:24.223 [XNIO-6 I/O-1] DEBUG org.xnio.nio -- Started channel thread 'XNIO-6 I/O-1', selector sun.nio.ch.EPollSelectorImpl@c4b9cd
14:18:24.223 [XNIO-6 I/O-2] DEBUG org.xnio.nio -- Started channel thread 'XNIO-6 I/O-2', selector sun.nio.ch.EPollSelectorImpl@3a82eefa
14:18:24.223 [XNIO-6 I/O-3] DEBUG org.xnio.nio -- Started channel thread 'XNIO-6 I/O-3', selector sun.nio.ch.EPollSelectorImpl@3e614ef5
14:18:24.223 [XNIO-6 I/O-4] DEBUG org.xnio.nio -- Started channel thread 'XNIO-6 I/O-4', selector sun.nio.ch.EPollSelectorImpl@272b057
14:18:24.223 [XNIO-6 I/O-6] DEBUG org.xnio.nio -- Started channel thread 'XNIO-6 I/O-6', selector sun.nio.ch.EPollSelectorImpl@10886225
14:18:24.223 [XNIO-6 I/O-5] DEBUG org.xnio.nio -- Started channel thread 'XNIO-6 I/O-5', selector sun.nio.ch.EPollSelectorImpl@4cfb7001
14:18:24.224 [XNIO-6 I/O-7] DEBUG org.xnio.nio -- Started channel thread 'XNIO-6 I/O-7', selector sun.nio.ch.EPollSelectorImpl@528df7c
14:18:24.224 [XNIO-6 Accept] DEBUG org.xnio.nio -- Started channel thread 'XNIO-6 Accept', selector sun.nio.ch.EPollSelectorImpl@730e9a3d
14:18:24.224 [main] DEBUG io.undertow -- Configuring listener with protocol HTTP for interface 0.0.0.0 and port 36731
14:18:24.224 [XNIO-6 I/O-8] DEBUG org.xnio.nio -- Started channel thread 'XNIO-6 I/O-8', selector sun.nio.ch.EPollSelectorImpl@24e80a59
Petsfort HTTP compatibility server listening on 0.0.0.0:36731
14:18:24.334 [XNIO-6 task-2] DEBUG io.undertow.request.error-response -- Setting error code 500 for exchange HttpServerExchange{ GET /logs}
java.lang.RuntimeException: null
	at io.undertow.server.HttpServerExchange.setStatusCode(HttpServerExchange.java:1492)
	at in.petsfort.crm.EmbeddedHttpServer.text(EmbeddedHttpServer.java:99)
	at in.petsfort.crm.EmbeddedHttpServer.json(EmbeddedHttpServer.java:98)
	at in.petsfort.crm.EmbeddedHttpServer.error(EmbeddedHttpServer.java:100)
	at in.petsfort.crm.EmbeddedHttpServer.logs(EmbeddedHttpServer.java:91)
	at io.undertow.server.RoutingHandler.handleRequest(RoutingHandler.java:93)
	at io.undertow.server.Connectors.executeRootHandler(Connectors.java:395)
	at io.undertow.server.HttpServerExchange$1.run(HttpServerExchange.java:861)
	at org.jboss.threads.ContextHandler$1.runWith(ContextHandler.java:18)
	at org.jboss.threads.EnhancedQueueExecutor$Task.run(EnhancedQueueExecutor.java:2513)
	at org.jboss.threads.EnhancedQueueExecutor$ThreadBody.run(EnhancedQueueExecutor.java:1538)
	at org.xnio.XnioWorker$WorkerThreadFactory$1$1.run(XnioWorker.java:1282)
	at java.base/java.lang.Thread.run(Thread.java:1583)
14:18:24.340 [main] INFO io.undertow -- stopping server: Undertow - 2.3.18.Final
]]></system-out>
  </testcase>
</testsuite>