<?xml version="1.0" encoding="UTF-8"?>
<testsuite xmlns:xsi="http://www.w3.org/2001/XMLSchema-instance" xsi:noNamespaceSchemaLocation="https://maven.apache.org/surefire/maven-surefire-plugin/xsd/surefire-test-report-3.0.xsd" version="3.0" name="in.petsfort.crm.CrmApplicationTest" time="0.073" tests="1" errors="0" skipped="0" failures="0">
  <properties>
[...]
</properties>
  <testcase name="studioLifecycleRegistersEveryRpcAndClosesCleanly" classname="in.petsfort.crm.CrmApplicationTest" time="0.073">
    <system-out><![CDATA[Petsfort CRM JRPC initialized with database /tmp/junit10421581501804221490/lifecycle.db
Petsfort CRM JRPC closed
]]></system-out>
  </testcase>
</testsuite>